<?xml version="1.0" encoding="UTF-8"?>
<!-- Generated by org.testng.reporters.JUnitReportReporter -->
<testsuite skipped="0" hostname="DESKTOP-23M10JB" name="test.Day1" tests="2" failures="0" timestamp="03 Apr 2018 00:09:04 GMT" time="0.013" errors="0">
  <testcase name="Second_Demo" time="0.002" classname="test.Day1"/>
  <testcase name="Demo" time="0.011" classname="test.Day1"/>
</testsuite> <!-- test.Day1 -->
