<?xml version="1.0" encoding="UTF-8"?>
<!-- Generated by org.testng.reporters.JUnitReportReporter -->
<testsuite skipped="0" hostname="DESKTOP-23M10JB" name="test.Epic3" tests="1" failures="0" timestamp="17 Apr 2018 15:55:29 GMT" time="0.003" errors="0">
  <testcase name="Epic3_TC2" time="0.003" classname="test.Epic3"/>
</testsuite> <!-- test.Epic3 -->
