<?xml version="1.0" encoding="UTF-8"?>
<!-- Generated by org.testng.reporters.JUnitReportReporter -->
<testsuite skipped="0" hostname="DESKTOP-23M10JB" name="test.Epic2" tests="1" failures="0" timestamp="17 Apr 2018 15:55:29 GMT" time="0.011" errors="0">
  <testcase name="Epic2_TC1" time="0.011" classname="test.Epic2"/>
</testsuite> <!-- test.Epic2 -->
